2020-11-13 00:00:51,016 INFO PERFORMANCE:|0|0|-1|-1

2020-11-13 00:05:51,022 INFO PERFORMANCE:|0|0|-1|-1

2020-11-13 00:10:51,024 INFO PERFORMANCE:|0|0|-1|-1

2020-11-13 00:15:51,024 INFO PERFORMANCE:|0|0|-1|-1

2020-11-13 00:20:51,025 INFO PERFORMANCE:|0|0|-1|-1

2020-11-13 00:25:51,026 INFO PERFORMANCE:|0|0|-1|-1

2020-11-13 00:30:51,027 INFO PERFORMANCE:|0|0|-1|-1

2020-11-13 00:35:51,028 INFO PERFORMANCE:|0|0|-1|-1

2020-11-13 00:40:51,030 INFO PERFORMANCE:|0|0|-1|-1

2020-11-13 00:45:51,031 INFO PERFORMANCE:|0|0|-1|-1

2020-11-13 00:50:51,033 INFO PERFORMANCE:|0|0|-1|-1

2020-11-13 00:55:51,035 INFO PERFORMANCE:|0|0|-1|-1

2020-11-13 01:00:51,035 INFO PERFORMANCE:|0|0|-1|-1

2020-11-13 01:05:51,037 INFO PERFORMANCE:|0|0|-1|-1

2020-11-13 01:10:51,038 INFO PERFORMANCE:|0|0|-1|-1

2020-11-13 01:15:51,039 INFO PERFORMANCE:|0|0|-1|-1

2020-11-13 01:20:51,040 INFO PERFORMANCE:|0|0|-1|-1

2020-11-13 01:25:51,042 INFO PERFORMANCE:|0|0|-1|-1

2020-11-13 01:30:51,043 INFO PERFORMANCE:|0|0|-1|-1

2020-11-13 01:35:51,045 INFO PERFORMANCE:|0|0|-1|-1

2020-11-13 01:40:51,046 INFO PERFORMANCE:|0|0|-1|-1

2020-11-13 01:45:51,046 INFO PERFORMANCE:|0|0|-1|-1

2020-11-13 01:50:51,047 INFO PERFORMANCE:|0|0|-1|-1

2020-11-13 01:55:51,049 INFO PERFORMANCE:|0|0|-1|-1

2020-11-13 02:00:51,051 INFO PERFORMANCE:|0|0|-1|-1

2020-11-13 02:05:51,052 INFO PERFORMANCE:|0|0|-1|-1

2020-11-13 02:10:51,053 INFO PERFORMANCE:|0|0|-1|-1

2020-11-13 02:15:51,054 INFO PERFORMANCE:|0|0|-1|-1

2020-11-13 02:20:51,055 INFO PERFORMANCE:|0|0|-1|-1

2020-11-13 02:25:51,057 INFO PERFORMANCE:|0|0|-1|-1

2020-11-13 02:30:51,058 INFO PERFORMANCE:|0|0|-1|-1

2020-11-13 02:35:51,059 INFO PERFORMANCE:|0|0|-1|-1

2020-11-13 02:40:51,060 INFO PERFORMANCE:|0|0|-1|-1

2020-11-13 02:45:51,062 INFO PERFORMANCE:|0|0|-1|-1

2020-11-13 02:50:51,063 INFO PERFORMANCE:|0|0|-1|-1

2020-11-13 02:55:51,064 INFO PERFORMANCE:|0|0|-1|-1

2020-11-13 03:00:51,065 INFO PERFORMANCE:|0|0|-1|-1

2020-11-13 03:05:51,067 INFO PERFORMANCE:|0|0|-1|-1

2020-11-13 03:10:51,069 INFO PERFORMANCE:|0|0|-1|-1

2020-11-13 03:15:51,070 INFO PERFORMANCE:|0|0|-1|-1

2020-11-13 03:20:51,072 INFO PERFORMANCE:|0|0|-1|-1

2020-11-13 03:25:51,073 INFO PERFORMANCE:|0|0|-1|-1

2020-11-13 03:30:51,074 INFO PERFORMANCE:|0|0|-1|-1

2020-11-13 03:35:51,075 INFO PERFORMANCE:|0|0|-1|-1

2020-11-13 03:40:51,076 INFO PERFORMANCE:|0|0|-1|-1

2020-11-13 03:45:51,078 INFO PERFORMANCE:|0|0|-1|-1

2020-11-13 03:50:51,079 INFO PERFORMANCE:|0|0|-1|-1

2020-11-13 03:55:51,081 INFO PERFORMANCE:|0|0|-1|-1

2020-11-13 04:00:51,084 INFO PERFORMANCE:|0|0|-1|-1

2020-11-13 04:05:51,085 INFO PERFORMANCE:|0|0|-1|-1

2020-11-13 04:10:51,086 INFO PERFORMANCE:|0|0|-1|-1

2020-11-13 04:15:51,087 INFO PERFORMANCE:|0|0|-1|-1

2020-11-13 04:20:51,088 INFO PERFORMANCE:|0|0|-1|-1

2020-11-13 04:25:51,090 INFO PERFORMANCE:|0|0|-1|-1

2020-11-13 04:30:51,092 INFO PERFORMANCE:|0|0|-1|-1

2020-11-13 04:35:51,093 INFO PERFORMANCE:|0|0|-1|-1

2020-11-13 04:40:51,095 INFO PERFORMANCE:|0|0|-1|-1

2020-11-13 04:45:51,096 INFO PERFORMANCE:|0|0|-1|-1

2020-11-13 04:50:51,099 INFO PERFORMANCE:|0|0|-1|-1

2020-11-13 04:55:51,100 INFO PERFORMANCE:|0|0|-1|-1

2020-11-13 05:00:51,102 INFO PERFORMANCE:|0|0|-1|-1

2020-11-13 05:05:51,103 INFO PERFORMANCE:|0|0|-1|-1

2020-11-13 05:10:51,103 INFO PERFORMANCE:|0|0|-1|-1

2020-11-13 05:15:51,105 INFO PERFORMANCE:|0|0|-1|-1

2020-11-13 05:20:51,105 INFO PERFORMANCE:|0|0|-1|-1

2020-11-13 05:25:51,108 INFO PERFORMANCE:|0|0|-1|-1

2020-11-13 05:30:51,109 INFO PERFORMANCE:|0|0|-1|-1

2020-11-13 05:35:51,110 INFO PERFORMANCE:|0|0|-1|-1

2020-11-13 05:40:51,113 INFO PERFORMANCE:|0|0|-1|-1

2020-11-13 05:45:51,114 INFO PERFORMANCE:|0|0|-1|-1

2020-11-13 05:50:51,115 INFO PERFORMANCE:|0|0|-1|-1

2020-11-13 05:55:51,116 INFO PERFORMANCE:|0|0|-1|-1

2020-11-13 06:00:51,117 INFO PERFORMANCE:|0|0|-1|-1

2020-11-13 06:05:51,118 INFO PERFORMANCE:|0|0|-1|-1

2020-11-13 06:10:51,120 INFO PERFORMANCE:|0|0|-1|-1

2020-11-13 06:15:51,122 INFO PERFORMANCE:|0|0|-1|-1

2020-11-13 06:20:51,122 INFO PERFORMANCE:|0|0|-1|-1

2020-11-13 06:25:51,124 INFO PERFORMANCE:|0|0|-1|-1

2020-11-13 06:30:51,126 INFO PERFORMANCE:|0|0|-1|-1

2020-11-13 06:35:51,127 INFO PERFORMANCE:|0|0|-1|-1

2020-11-13 06:40:51,129 INFO PERFORMANCE:|0|0|-1|-1

2020-11-13 06:45:51,130 INFO PERFORMANCE:|0|0|-1|-1

2020-11-13 06:50:51,131 INFO PERFORMANCE:|0|0|-1|-1

2020-11-13 06:55:51,132 INFO PERFORMANCE:|0|0|-1|-1

2020-11-13 07:00:51,134 INFO PERFORMANCE:|0|0|-1|-1

2020-11-13 07:05:51,135 INFO PERFORMANCE:|0|0|-1|-1

2020-11-13 07:10:51,136 INFO PERFORMANCE:|0|0|-1|-1

2020-11-13 07:15:51,138 INFO PERFORMANCE:|0|0|-1|-1

2020-11-13 07:20:51,140 INFO PERFORMANCE:|0|0|-1|-1

2020-11-13 07:25:51,141 INFO PERFORMANCE:|0|0|-1|-1

2020-11-13 07:30:51,142 INFO PERFORMANCE:|0|0|-1|-1

2020-11-13 07:35:51,144 INFO PERFORMANCE:|0|0|-1|-1

2020-11-13 07:40:51,145 INFO PERFORMANCE:|0|0|-1|-1

2020-11-13 07:45:51,146 INFO PERFORMANCE:|0|0|-1|-1

2020-11-13 07:50:51,147 INFO PERFORMANCE:|0|0|-1|-1

2020-11-13 07:55:51,149 INFO PERFORMANCE:|0|0|-1|-1

2020-11-13 08:00:51,150 INFO PERFORMANCE:|0|0|-1|-1

2020-11-13 08:05:51,151 INFO PERFORMANCE:|0|0|-1|-1

2020-11-13 08:10:51,153 INFO PERFORMANCE:|0|0|-1|-1

2020-11-13 08:15:51,155 INFO PERFORMANCE:|0|0|-1|-1

2020-11-13 08:20:51,155 INFO PERFORMANCE:|0|0|-1|-1

2020-11-13 08:25:51,157 INFO PERFORMANCE:|0|0|-1|-1

2020-11-13 08:30:51,158 INFO PERFORMANCE:|0|0|-1|-1

2020-11-13 08:35:51,160 INFO PERFORMANCE:|0|0|-1|-1

2020-11-13 08:40:51,161 INFO PERFORMANCE:|0|0|-1|-1

2020-11-13 08:45:51,163 INFO PERFORMANCE:|0|0|-1|-1

2020-11-13 08:50:51,164 INFO PERFORMANCE:|0|0|-1|-1

2020-11-13 08:55:51,166 INFO PERFORMANCE:|0|0|-1|-1

2020-11-13 09:00:51,166 INFO PERFORMANCE:|0|0|-1|-1

2020-11-13 09:05:51,168 INFO PERFORMANCE:|0|0|-1|-1

2020-11-13 09:10:51,169 INFO PERFORMANCE:|0|0|-1|-1

2020-11-13 09:15:51,171 INFO PERFORMANCE:|0|0|-1|-1

2020-11-13 09:20:51,172 INFO PERFORMANCE:|0|0|-1|-1

2020-11-13 09:25:51,173 INFO PERFORMANCE:|0|0|-1|-1

2020-11-13 09:30:51,174 INFO PERFORMANCE:|0|0|-1|-1

2020-11-13 09:35:51,176 INFO PERFORMANCE:|0|0|-1|-1

2020-11-13 09:40:51,178 INFO PERFORMANCE:|0|0|-1|-1

2020-11-13 09:45:51,179 INFO PERFORMANCE:|0|0|-1|-1

2020-11-13 09:50:51,182 INFO PERFORMANCE:|0|0|-1|-1

2020-11-13 09:55:51,184 INFO PERFORMANCE:|0|0|-1|-1

2020-11-13 10:00:51,186 INFO PERFORMANCE:|0|0|-1|-1

2020-11-13 10:05:51,188 INFO PERFORMANCE:|0|0|-1|-1

2020-11-13 10:10:51,191 INFO PERFORMANCE:|0|0|-1|-1

2020-11-13 10:15:51,194 INFO PERFORMANCE:|0|0|-1|-1

2020-11-13 10:20:51,197 INFO PERFORMANCE:|0|0|-1|-1

2020-11-13 10:25:51,200 INFO PERFORMANCE:|0|0|-1|-1

2020-11-13 10:30:51,201 INFO PERFORMANCE:|0|0|-1|-1

2020-11-13 10:35:51,204 INFO PERFORMANCE:|0|0|-1|-1

2020-11-13 10:40:51,205 INFO PERFORMANCE:|0|0|-1|-1

2020-11-13 10:45:51,206 INFO PERFORMANCE:|0|0|-1|-1

2020-11-13 10:50:51,208 INFO PERFORMANCE:|0|0|-1|-1

2020-11-13 10:55:51,208 INFO PERFORMANCE:|0|0|-1|-1

2020-11-13 11:00:51,210 INFO PERFORMANCE:|0|0|-1|-1

2020-11-13 11:05:51,213 INFO PERFORMANCE:|0|0|-1|-1

2020-11-13 11:10:51,215 INFO PERFORMANCE:|0|0|-1|-1

2020-11-13 11:15:51,218 INFO PERFORMANCE:|0|0|-1|-1

2020-11-13 11:20:51,220 INFO PERFORMANCE:|0|0|-1|-1

2020-11-13 11:25:51,221 INFO PERFORMANCE:|0|0|-1|-1

2020-11-13 11:30:51,222 INFO PERFORMANCE:|0|0|-1|-1

2020-11-13 11:35:51,223 INFO PERFORMANCE:|0|0|-1|-1

2020-11-13 11:40:51,225 INFO PERFORMANCE:|0|0|-1|-1

2020-11-13 11:45:51,226 INFO PERFORMANCE:|0|0|-1|-1

2020-11-13 11:50:51,227 INFO PERFORMANCE:|0|0|-1|-1

2020-11-13 11:55:51,229 INFO PERFORMANCE:|0|0|-1|-1

2020-11-13 12:00:51,231 INFO PERFORMANCE:|0|0|-1|-1

2020-11-13 12:05:51,233 INFO PERFORMANCE:|0|0|-1|-1

2020-11-13 12:10:51,235 INFO PERFORMANCE:|0|0|-1|-1

2020-11-13 12:15:51,236 INFO PERFORMANCE:|0|0|-1|-1

2020-11-13 12:20:51,237 INFO PERFORMANCE:|0|0|-1|-1

2020-11-13 12:25:51,240 INFO PERFORMANCE:|0|0|-1|-1

2020-11-13 12:30:51,241 INFO PERFORMANCE:|0|0|-1|-1

2020-11-13 12:35:51,242 INFO PERFORMANCE:|0|0|-1|-1

2020-11-13 12:40:51,244 INFO PERFORMANCE:|0|0|-1|-1

2020-11-13 12:45:51,245 INFO PERFORMANCE:|0|0|-1|-1

2020-11-13 12:50:51,246 INFO PERFORMANCE:|0|0|-1|-1

2020-11-13 12:55:51,248 INFO PERFORMANCE:|0|0|-1|-1

2020-11-13 13:00:51,248 INFO PERFORMANCE:|0|0|-1|-1

2020-11-13 13:05:51,250 INFO PERFORMANCE:|0|0|-1|-1

2020-11-13 13:10:51,251 INFO PERFORMANCE:|0|0|-1|-1

2020-11-13 13:15:51,253 INFO PERFORMANCE:|0|0|-1|-1

2020-11-13 13:20:51,256 INFO PERFORMANCE:|0|0|-1|-1

2020-11-13 13:25:51,257 INFO PERFORMANCE:|0|0|-1|-1

2020-11-13 13:30:51,259 INFO PERFORMANCE:|0|0|-1|-1

2020-11-13 13:35:51,262 INFO PERFORMANCE:|0|0|-1|-1

2020-11-13 13:40:51,265 INFO PERFORMANCE:|0|0|-1|-1

2020-11-13 13:45:51,268 INFO PERFORMANCE:|0|0|-1|-1

2020-11-13 13:50:51,269 INFO PERFORMANCE:|0|0|-1|-1

2020-11-13 13:55:51,271 INFO PERFORMANCE:|0|0|-1|-1

2020-11-13 14:00:51,273 INFO PERFORMANCE:|0|0|-1|-1

2020-11-13 14:05:51,274 INFO PERFORMANCE:|0|0|-1|-1

2020-11-13 14:10:51,276 INFO PERFORMANCE:|0|0|-1|-1

2020-11-13 14:15:51,286 INFO PERFORMANCE:|0|0|-1|-1

2020-11-13 14:20:51,290 INFO PERFORMANCE:|0|0|-1|-1

2020-11-13 14:25:51,290 INFO PERFORMANCE:|0|0|-1|-1

2020-11-13 14:30:51,292 INFO PERFORMANCE:|0|0|-1|-1

2020-11-13 14:35:51,294 INFO PERFORMANCE:|0|0|-1|-1

2020-11-13 14:40:51,297 INFO PERFORMANCE:|0|0|-1|-1

2020-11-13 14:45:51,299 INFO PERFORMANCE:|0|0|-1|-1

2020-11-13 14:50:51,301 INFO PERFORMANCE:|0|0|-1|-1

2020-11-13 14:55:51,304 INFO PERFORMANCE:|0|0|-1|-1

2020-11-13 15:00:51,306 INFO PERFORMANCE:|0|0|-1|-1

2020-11-13 15:05:51,309 INFO PERFORMANCE:|0|0|-1|-1

2020-11-13 15:10:51,311 INFO PERFORMANCE:|0|0|-1|-1

2020-11-13 15:15:51,312 INFO PERFORMANCE:|0|0|-1|-1

2020-11-13 15:20:51,313 INFO PERFORMANCE:|0|0|-1|-1

2020-11-13 15:25:51,315 INFO PERFORMANCE:|0|0|-1|-1

2020-11-13 15:30:51,317 INFO PERFORMANCE:|0|0|-1|-1

2020-11-13 15:35:51,318 INFO PERFORMANCE:|0|0|-1|-1

2020-11-13 15:40:51,320 INFO PERFORMANCE:|0|0|-1|-1

2020-11-13 15:45:51,321 INFO PERFORMANCE:|0|0|-1|-1

2020-11-13 15:50:51,323 INFO PERFORMANCE:|0|0|-1|-1

2020-11-13 15:55:51,324 INFO PERFORMANCE:|0|0|-1|-1

2020-11-13 16:00:51,325 INFO PERFORMANCE:|0|0|-1|-1

2020-11-13 16:05:51,325 INFO PERFORMANCE:|0|0|-1|-1

2020-11-13 16:10:51,327 INFO PERFORMANCE:|0|0|-1|-1

2020-11-13 16:15:51,328 INFO PERFORMANCE:|0|0|-1|-1

2020-11-13 16:20:51,330 INFO PERFORMANCE:|0|0|-1|-1

2020-11-13 16:25:51,331 INFO PERFORMANCE:|0|0|-1|-1

2020-11-13 16:30:51,332 INFO PERFORMANCE:|0|0|-1|-1

2020-11-13 16:35:51,332 INFO PERFORMANCE:|0|0|-1|-1

2020-11-13 16:40:51,333 INFO PERFORMANCE:|0|0|-1|-1

2020-11-13 16:45:51,335 INFO PERFORMANCE:|0|0|-1|-1

2020-11-13 16:50:51,336 INFO PERFORMANCE:|0|0|-1|-1

2020-11-13 16:55:51,337 INFO PERFORMANCE:|0|0|-1|-1

2020-11-13 17:00:51,340 INFO PERFORMANCE:|0|0|-1|-1

2020-11-13 17:05:51,341 INFO PERFORMANCE:|0|0|-1|-1

2020-11-13 17:10:51,343 INFO PERFORMANCE:|0|0|-1|-1

2020-11-13 17:15:51,345 INFO PERFORMANCE:|0|0|-1|-1

2020-11-13 17:20:51,347 INFO PERFORMANCE:|0|0|-1|-1

2020-11-13 17:25:51,349 INFO PERFORMANCE:|0|0|-1|-1

2020-11-13 17:30:51,351 INFO PERFORMANCE:|0|0|-1|-1

2020-11-13 17:35:51,352 INFO PERFORMANCE:|0|0|-1|-1

2020-11-13 17:40:51,353 INFO PERFORMANCE:|0|0|-1|-1

2020-11-13 17:45:51,355 INFO PERFORMANCE:|0|0|-1|-1

2020-11-13 17:50:51,362 INFO PERFORMANCE:|0|0|-1|-1

2020-11-13 17:55:51,364 INFO PERFORMANCE:|0|0|-1|-1

2020-11-13 18:00:51,366 INFO PERFORMANCE:|0|0|-1|-1

2020-11-13 18:05:51,367 INFO PERFORMANCE:|0|0|-1|-1

2020-11-13 18:10:51,368 INFO PERFORMANCE:|0|0|-1|-1

2020-11-13 18:15:51,371 INFO PERFORMANCE:|0|0|-1|-1

2020-11-13 18:20:51,372 INFO PERFORMANCE:|0|0|-1|-1

2020-11-13 18:25:51,374 INFO PERFORMANCE:|0|0|-1|-1

2020-11-13 18:30:51,376 INFO PERFORMANCE:|0|0|-1|-1

2020-11-13 18:35:51,379 INFO PERFORMANCE:|0|0|-1|-1

2020-11-13 18:40:51,380 INFO PERFORMANCE:|0|0|-1|-1

2020-11-13 18:45:51,382 INFO PERFORMANCE:|0|0|-1|-1

2020-11-13 18:50:51,384 INFO PERFORMANCE:|0|0|-1|-1

2020-11-13 18:55:51,385 INFO PERFORMANCE:|0|0|-1|-1

2020-11-13 19:00:51,386 INFO PERFORMANCE:|0|0|-1|-1

2020-11-13 19:05:51,388 INFO PERFORMANCE:|0|0|-1|-1

2020-11-13 19:10:51,389 INFO PERFORMANCE:|0|0|-1|-1

2020-11-13 19:15:51,391 INFO PERFORMANCE:|0|0|-1|-1

