0:0:0:0:0:0:0:1 - - [11/Nov/2020:17:11:40 +0800] "GET /nacos/ HTTP/1.1" 200 2686 425 Mozilla/5.0 (Windows NT 10.0; Win64; x64) AppleWebKit/537.36 (KHTML, like Gecko) Chrome/86.0.4240.183 Safari/537.36 -
0:0:0:0:0:0:0:1 - - [11/Nov/2020:17:11:40 +0800] "GET /nacos/console-fe/public/css/icon.css HTTP/1.1" 200 5441 54 Mozilla/5.0 (Windows NT 10.0; Win64; x64) AppleWebKit/537.36 (KHTML, like Gecko) Chrome/86.0.4240.183 Safari/537.36 -
0:0:0:0:0:0:0:1 - - [11/Nov/2020:17:11:40 +0800] "GET /nacos/console-fe/public/css/font-awesome.css HTTP/1.1" 200 35952 27 Mozilla/5.0 (Windows NT 10.0; Win64; x64) AppleWebKit/537.36 (KHTML, like Gecko) Chrome/86.0.4240.183 Safari/537.36 -
0:0:0:0:0:0:0:1 - - [11/Nov/2020:17:11:40 +0800] "GET /nacos/console-fe/public/css/console1412.css HTTP/1.1" 200 156960 53 Mozilla/5.0 (Windows NT 10.0; Win64; x64) AppleWebKit/537.36 (KHTML, like Gecko) Chrome/86.0.4240.183 Safari/537.36 -
0:0:0:0:0:0:0:1 - - [11/Nov/2020:17:11:40 +0800] "GET /nacos/console-fe/public/css/codemirror.css HTTP/1.1" 200 9214 47 Mozilla/5.0 (Windows NT 10.0; Win64; x64) AppleWebKit/537.36 (KHTML, like Gecko) Chrome/86.0.4240.183 Safari/537.36 -
0:0:0:0:0:0:0:1 - - [11/Nov/2020:17:11:40 +0800] "GET /nacos/console-fe/public/css/merge.css HTTP/1.1" 200 3995 64 Mozilla/5.0 (Windows NT 10.0; Win64; x64) AppleWebKit/537.36 (KHTML, like Gecko) Chrome/86.0.4240.183 Safari/537.36 -
0:0:0:0:0:0:0:1 - - [11/Nov/2020:17:11:40 +0800] "GET /nacos/console-fe/public/js/xml.js HTTP/1.1" 200 13466 28 Mozilla/5.0 (Windows NT 10.0; Win64; x64) AppleWebKit/537.36 (KHTML, like Gecko) Chrome/86.0.4240.183 Safari/537.36 -
0:0:0:0:0:0:0:1 - - [11/Nov/2020:17:11:40 +0800] "GET /nacos/console-fe/public/js/jquery.js HTTP/1.1" 200 89478 30 Mozilla/5.0 (Windows NT 10.0; Win64; x64) AppleWebKit/537.36 (KHTML, like Gecko) Chrome/86.0.4240.183 Safari/537.36 -
0:0:0:0:0:0:0:1 - - [11/Nov/2020:17:11:40 +0800] "GET /nacos/console-fe/public/css/bootstrap.css HTTP/1.1" 200 130421 32 Mozilla/5.0 (Windows NT 10.0; Win64; x64) AppleWebKit/537.36 (KHTML, like Gecko) Chrome/86.0.4240.183 Safari/537.36 -
0:0:0:0:0:0:0:1 - - [11/Nov/2020:17:11:40 +0800] "GET /nacos/css/main.css HTTP/1.1" 200 444703 65 Mozilla/5.0 (Windows NT 10.0; Win64; x64) AppleWebKit/537.36 (KHTML, like Gecko) Chrome/86.0.4240.183 Safari/537.36 -
0:0:0:0:0:0:0:1 - - [11/Nov/2020:17:11:40 +0800] "GET /nacos/console-fe/public/js/codemirror.js HTTP/1.1" 200 375761 67 Mozilla/5.0 (Windows NT 10.0; Win64; x64) AppleWebKit/537.36 (KHTML, like Gecko) Chrome/86.0.4240.183 Safari/537.36 -
0:0:0:0:0:0:0:1 - - [11/Nov/2020:17:11:40 +0800] "GET /nacos/console-fe/public/js/javascript.js HTTP/1.1" 200 33040 85 Mozilla/5.0 (Windows NT 10.0; Win64; x64) AppleWebKit/537.36 (KHTML, like Gecko) Chrome/86.0.4240.183 Safari/537.36 -
0:0:0:0:0:0:0:1 - - [11/Nov/2020:17:11:40 +0800] "GET /nacos/console-fe/public/js/codemirror.addone.lint.js HTTP/1.1" 200 8772 30 Mozilla/5.0 (Windows NT 10.0; Win64; x64) AppleWebKit/537.36 (KHTML, like Gecko) Chrome/86.0.4240.183 Safari/537.36 -
0:0:0:0:0:0:0:1 - - [11/Nov/2020:17:11:40 +0800] "GET /nacos/console-fe/public/js/codemirror.addone.fullscreen.js HTTP/1.1" 200 2037 41 Mozilla/5.0 (Windows NT 10.0; Win64; x64) AppleWebKit/537.36 (KHTML, like Gecko) Chrome/86.0.4240.183 Safari/537.36 -
0:0:0:0:0:0:0:1 - - [11/Nov/2020:17:11:40 +0800] "GET /nacos/console-fe/public/js/codemirror.lib.clike-lint.js HTTP/1.1" 200 32333 29 Mozilla/5.0 (Windows NT 10.0; Win64; x64) AppleWebKit/537.36 (KHTML, like Gecko) Chrome/86.0.4240.183 Safari/537.36 -
0:0:0:0:0:0:0:1 - - [11/Nov/2020:17:11:40 +0800] "GET /nacos/console-fe/public/js/codemirror.addone.json-lint.js HTTP/1.1" 200 1487 37 Mozilla/5.0 (Windows NT 10.0; Win64; x64) AppleWebKit/537.36 (KHTML, like Gecko) Chrome/86.0.4240.183 Safari/537.36 -
0:0:0:0:0:0:0:1 - - [11/Nov/2020:17:11:40 +0800] "GET /nacos/console-fe/public/js/codemirror.lib.json-lint.js HTTP/1.1" 200 17246 50 Mozilla/5.0 (Windows NT 10.0; Win64; x64) AppleWebKit/537.36 (KHTML, like Gecko) Chrome/86.0.4240.183 Safari/537.36 -
0:0:0:0:0:0:0:1 - - [11/Nov/2020:17:11:40 +0800] "GET /nacos/console-fe/public/js/merge.js HTTP/1.1" 200 38893 16 Mozilla/5.0 (Windows NT 10.0; Win64; x64) AppleWebKit/537.36 (KHTML, like Gecko) Chrome/86.0.4240.183 Safari/537.36 -
0:0:0:0:0:0:0:1 - - [11/Nov/2020:17:11:40 +0800] "GET /nacos/console-fe/public/js/diff_match_patch.js HTTP/1.1" 200 19241 49 Mozilla/5.0 (Windows NT 10.0; Win64; x64) AppleWebKit/537.36 (KHTML, like Gecko) Chrome/86.0.4240.183 Safari/537.36 -
0:0:0:0:0:0:0:1 - - [11/Nov/2020:17:11:40 +0800] "GET /nacos/console-fe/public/js/loader.js HTTP/1.1" 200 28906 31 Mozilla/5.0 (Windows NT 10.0; Win64; x64) AppleWebKit/537.36 (KHTML, like Gecko) Chrome/86.0.4240.183 Safari/537.36 -
0:0:0:0:0:0:0:1 - - [11/Nov/2020:17:11:40 +0800] "GET /nacos/js/main.js HTTP/1.1" 200 1385433 51 Mozilla/5.0 (Windows NT 10.0; Win64; x64) AppleWebKit/537.36 (KHTML, like Gecko) Chrome/86.0.4240.183 Safari/537.36 -
0:0:0:0:0:0:0:1 - - [11/Nov/2020:17:11:41 +0800] "GET /nacos/console-fe/public/js/vs/editor/editor.main.js HTTP/1.1" 200 1824156 41 Mozilla/5.0 (Windows NT 10.0; Win64; x64) AppleWebKit/537.36 (KHTML, like Gecko) Chrome/86.0.4240.183 Safari/537.36 -
0:0:0:0:0:0:0:1 - - [11/Nov/2020:17:11:41 +0800] "GET /nacos/img/black_dot.png HTTP/1.1" 200 114 12 Mozilla/5.0 (Windows NT 10.0; Win64; x64) AppleWebKit/537.36 (KHTML, like Gecko) Chrome/86.0.4240.183 Safari/537.36 -
0:0:0:0:0:0:0:1 - - [11/Nov/2020:17:11:41 +0800] "GET /nacos/img/nacos.png HTTP/1.1" 200 3588 19 Mozilla/5.0 (Windows NT 10.0; Win64; x64) AppleWebKit/537.36 (KHTML, like Gecko) Chrome/86.0.4240.183 Safari/537.36 -
0:0:0:0:0:0:0:1 - - [11/Nov/2020:17:11:41 +0800] "GET /nacos/img/logo-2000-390.svg HTTP/1.1" 200 2106 30 Mozilla/5.0 (Windows NT 10.0; Win64; x64) AppleWebKit/537.36 (KHTML, like Gecko) Chrome/86.0.4240.183 Safari/537.36 -
0:0:0:0:0:0:0:1 - - [11/Nov/2020:17:11:41 +0800] "GET /nacos/console-fe/public/js/vs/editor/editor.main.css HTTP/1.1" 200 172204 23 Mozilla/5.0 (Windows NT 10.0; Win64; x64) AppleWebKit/537.36 (KHTML, like Gecko) Chrome/86.0.4240.183 Safari/537.36 -
0:0:0:0:0:0:0:1 - - [11/Nov/2020:17:11:41 +0800] "GET /nacos/console-fe/public/js/vs/editor/editor.main.nls.zh-cn.js HTTP/1.1" 200 22881 17 Mozilla/5.0 (Windows NT 10.0; Win64; x64) AppleWebKit/537.36 (KHTML, like Gecko) Chrome/86.0.4240.183 Safari/537.36 -
0:0:0:0:0:0:0:1 - - [11/Nov/2020:17:11:41 +0800] "GET /nacos/console-fe/public/img/favicon.ico HTTP/1.1" 200 4286 7 Mozilla/5.0 (Windows NT 10.0; Win64; x64) AppleWebKit/537.36 (KHTML, like Gecko) Chrome/86.0.4240.183 Safari/537.36 -
